[2025-01-29T10:07:11.211+0000] {local_task_job_runner.py:123} INFO - ::group::Pre task execution logs
[2025-01-29T10:07:11.240+0000] {taskinstance.py:2612} INFO - Dependencies all met for dep_context=non-requeueable deps ti=<TaskInstance: main_dag.download_s3_clean manual__2025-01-29T10:06:58.825694+00:00 [queued]>
[2025-01-29T10:07:11.255+0000] {taskinstance.py:2612} INFO - Dependencies all met for dep_context=requeueable deps ti=<TaskInstance: main_dag.download_s3_clean manual__2025-01-29T10:06:58.825694+00:00 [queued]>
[2025-01-29T10:07:11.256+0000] {taskinstance.py:2865} INFO - Starting attempt 1 of 3
[2025-01-29T10:07:11.276+0000] {taskinstance.py:2888} INFO - Executing <Task(PythonOperator): download_s3_clean> on 2025-01-29 10:06:58.825694+00:00
[2025-01-29T10:07:11.298+0000] {warnings.py:112} WARNING - /home/***/.local/lib/python3.12/site-packages/***/task/task_runner/standard_task_runner.py:70: DeprecationWarning: This process (pid=793) is multi-threaded, use of fork() may lead to deadlocks in the child.
  pid = os.fork()

[2025-01-29T10:07:11.304+0000] {standard_task_runner.py:72} INFO - Started process 797 to run task
[2025-01-29T10:07:11.305+0000] {standard_task_runner.py:104} INFO - Running: ['***', 'tasks', 'run', 'main_dag', 'download_s3_clean', 'manual__2025-01-29T10:06:58.825694+00:00', '--job-id', '8', '--raw', '--subdir', 'DAGS_FOLDER/main_dag.py', '--cfg-path', '/tmp/tmpwqfzevqn']
[2025-01-29T10:07:11.309+0000] {standard_task_runner.py:105} INFO - Job 8: Subtask download_s3_clean
[2025-01-29T10:07:12.960+0000] {task_command.py:467} INFO - Running <TaskInstance: main_dag.download_s3_clean manual__2025-01-29T10:06:58.825694+00:00 [running]> on host ae52aba2dca2
[2025-01-29T10:07:13.363+0000] {taskinstance.py:3131} INFO - Exporting env vars: AIRFLOW_CTX_DAG_OWNER='itsMe!!' AIRFLOW_CTX_DAG_ID='main_dag' AIRFLOW_CTX_TASK_ID='download_s3_clean' AIRFLOW_CTX_EXECUTION_DATE='2025-01-29T10:06:58.825694+00:00' AIRFLOW_CTX_TRY_NUMBER='1' AIRFLOW_CTX_DAG_RUN_ID='manual__2025-01-29T10:06:58.825694+00:00'
[2025-01-29T10:07:13.374+0000] {taskinstance.py:731} INFO - ::endgroup::
[2025-01-29T10:07:16.837+0000] {logging_mixin.py:190} INFO - Row ID           0
Order ID         0
Order Date       0
Ship Date        0
Ship Mode        0
Customer ID      0
Customer Name    0
Segment          0
Country          0
City             0
State            0
Postal Code      0
Region           0
Product ID       0
Category         0
Sub-Category     0
Product Name     0
Sales            0
Quantity         0
Discount         0
Profit           0
dtype: int64
[2025-01-29T10:07:16.862+0000] {logging_mixin.py:190} INFO - 0
[2025-01-29T10:07:16.959+0000] {logging_mixin.py:190} INFO - !_S3_download_complete_my_retail_s3.csv!
[2025-01-29T10:07:16.960+0000] {logging_mixin.py:190} INFO - at /opt/***/my_data/my_retail_s3.csv !!!
[2025-01-29T10:07:16.967+0000] {python.py:240} INFO - Done. Returned value was: None
[2025-01-29T10:07:16.988+0000] {taskinstance.py:340} INFO - ::group::Post task execution logs
[2025-01-29T10:07:16.989+0000] {taskinstance.py:352} INFO - Marking task as SUCCESS. dag_id=main_dag, task_id=download_s3_clean, run_id=manual__2025-01-29T10:06:58.825694+00:00, execution_date=20250129T100658, start_date=20250129T100711, end_date=20250129T100716
[2025-01-29T10:07:17.055+0000] {local_task_job_runner.py:266} INFO - Task exited with return code 0
[2025-01-29T10:07:17.087+0000] {taskinstance.py:3900} INFO - 0 downstream tasks scheduled from follow-on schedule check
[2025-01-29T10:07:17.092+0000] {local_task_job_runner.py:245} INFO - ::endgroup::
