[2025-01-29T16:22:58.794+0000] {local_task_job_runner.py:123} INFO - ::group::Pre task execution logs
[2025-01-29T16:22:58.829+0000] {taskinstance.py:2612} INFO - Dependencies all met for dep_context=non-requeueable deps ti=<TaskInstance: main_dag.time_Transform manual__2025-01-29T16:22:08.198012+00:00 [queued]>
[2025-01-29T16:22:58.848+0000] {taskinstance.py:2612} INFO - Dependencies all met for dep_context=requeueable deps ti=<TaskInstance: main_dag.time_Transform manual__2025-01-29T16:22:08.198012+00:00 [queued]>
[2025-01-29T16:22:58.849+0000] {taskinstance.py:2865} INFO - Starting attempt 1 of 3
[2025-01-29T16:22:58.878+0000] {taskinstance.py:2888} INFO - Executing <Task(PythonOperator): time_Transform> on 2025-01-29 16:22:08.198012+00:00
[2025-01-29T16:22:58.909+0000] {warnings.py:112} WARNING - /home/***/.local/lib/python3.12/site-packages/***/task/task_runner/standard_task_runner.py:70: DeprecationWarning: This process (pid=2076) is multi-threaded, use of fork() may lead to deadlocks in the child.
  pid = os.fork()

[2025-01-29T16:22:58.918+0000] {standard_task_runner.py:72} INFO - Started process 2107 to run task
[2025-01-29T16:22:58.913+0000] {standard_task_runner.py:104} INFO - Running: ['***', 'tasks', 'run', 'main_dag', 'time_Transform', 'manual__2025-01-29T16:22:08.198012+00:00', '--job-id', '97', '--raw', '--subdir', 'DAGS_FOLDER/main_dag.py', '--cfg-path', '/tmp/tmph7u9cv6s']
[2025-01-29T16:22:58.920+0000] {standard_task_runner.py:105} INFO - Job 97: Subtask time_Transform
[2025-01-29T16:22:59.157+0000] {task_command.py:467} INFO - Running <TaskInstance: main_dag.time_Transform manual__2025-01-29T16:22:08.198012+00:00 [running]> on host ae52aba2dca2
[2025-01-29T16:22:59.396+0000] {taskinstance.py:3131} INFO - Exporting env vars: AIRFLOW_CTX_DAG_OWNER='itsMe!!' AIRFLOW_CTX_DAG_ID='main_dag' AIRFLOW_CTX_TASK_ID='time_Transform' AIRFLOW_CTX_EXECUTION_DATE='2025-01-29T16:22:08.198012+00:00' AIRFLOW_CTX_TRY_NUMBER='1' AIRFLOW_CTX_DAG_RUN_ID='manual__2025-01-29T16:22:08.198012+00:00'
[2025-01-29T16:22:59.402+0000] {taskinstance.py:731} INFO - ::endgroup::
[2025-01-29T16:23:01.960+0000] {logging_mixin.py:190} INFO - !_upload_to_S3_complete_!
[2025-01-29T16:23:01.964+0000] {python.py:240} INFO - Done. Returned value was: None
[2025-01-29T16:23:01.987+0000] {taskinstance.py:340} INFO - ::group::Post task execution logs
[2025-01-29T16:23:01.988+0000] {taskinstance.py:352} INFO - Marking task as SUCCESS. dag_id=main_dag, task_id=time_Transform, run_id=manual__2025-01-29T16:22:08.198012+00:00, execution_date=20250129T162208, start_date=20250129T162258, end_date=20250129T162301
[2025-01-29T16:23:02.070+0000] {local_task_job_runner.py:266} INFO - Task exited with return code 0
[2025-01-29T16:23:02.250+0000] {taskinstance.py:3900} INFO - 1 downstream tasks scheduled from follow-on schedule check
[2025-01-29T16:23:02.642+0000] {local_task_job_runner.py:245} INFO - ::endgroup::
