[2025-01-29T11:41:45.206+0000] {local_task_job_runner.py:123} INFO - ::group::Pre task execution logs
[2025-01-29T11:41:45.282+0000] {taskinstance.py:2612} INFO - Dependencies all met for dep_context=non-requeueable deps ti=<TaskInstance: main_dag.customer_Transform manual__2025-01-29T11:41:02.227708+00:00 [queued]>
[2025-01-29T11:41:45.309+0000] {taskinstance.py:2612} INFO - Dependencies all met for dep_context=requeueable deps ti=<TaskInstance: main_dag.customer_Transform manual__2025-01-29T11:41:02.227708+00:00 [queued]>
[2025-01-29T11:41:45.311+0000] {taskinstance.py:2865} INFO - Starting attempt 1 of 3
[2025-01-29T11:41:45.421+0000] {taskinstance.py:2888} INFO - Executing <Task(PythonOperator): customer_Transform> on 2025-01-29 11:41:02.227708+00:00
[2025-01-29T11:41:45.673+0000] {standard_task_runner.py:104} INFO - Running: ['***', 'tasks', 'run', 'main_dag', 'customer_Transform', 'manual__2025-01-29T11:41:02.227708+00:00', '--job-id', '47', '--raw', '--subdir', 'DAGS_FOLDER/main_dag.py', '--cfg-path', '/tmp/tmpj01dju9h']
[2025-01-29T11:41:45.682+0000] {standard_task_runner.py:105} INFO - Job 47: Subtask customer_Transform
[2025-01-29T11:41:45.729+0000] {warnings.py:112} WARNING - /home/***/.local/lib/python3.12/site-packages/***/task/task_runner/standard_task_runner.py:70: DeprecationWarning: This process (pid=2170) is multi-threaded, use of fork() may lead to deadlocks in the child.
  pid = os.fork()

[2025-01-29T11:41:45.733+0000] {standard_task_runner.py:72} INFO - Started process 2204 to run task
[2025-01-29T11:41:45.932+0000] {task_command.py:467} INFO - Running <TaskInstance: main_dag.customer_Transform manual__2025-01-29T11:41:02.227708+00:00 [running]> on host ae52aba2dca2
[2025-01-29T11:41:46.280+0000] {taskinstance.py:3131} INFO - Exporting env vars: AIRFLOW_CTX_DAG_OWNER='itsMe!!' AIRFLOW_CTX_DAG_ID='main_dag' AIRFLOW_CTX_TASK_ID='customer_Transform' AIRFLOW_CTX_EXECUTION_DATE='2025-01-29T11:41:02.227708+00:00' AIRFLOW_CTX_TRY_NUMBER='1' AIRFLOW_CTX_DAG_RUN_ID='manual__2025-01-29T11:41:02.227708+00:00'
[2025-01-29T11:41:46.283+0000] {taskinstance.py:731} INFO - ::endgroup::
[2025-01-29T11:41:46.954+0000] {logging_mixin.py:190} INFO - <class 'pandas.core.frame.DataFrame'>
Index: 638 entries, 0 to 2586
Data columns (total 3 columns):
 #   Column         Non-Null Count  Dtype 
---  ------         --------------  ----- 
 0   Customer ID    638 non-null    object
 1   Customer Name  638 non-null    object
 2   Segment        638 non-null    object
dtypes: object(3)
memory usage: 19.9+ KB
[2025-01-29T11:41:46.955+0000] {logging_mixin.py:190} INFO - None
[2025-01-29T11:41:47.559+0000] {logging_mixin.py:190} INFO - !_upload_to_S3_complete_!
[2025-01-29T11:41:47.565+0000] {python.py:240} INFO - Done. Returned value was: None
[2025-01-29T11:41:47.601+0000] {taskinstance.py:340} INFO - ::group::Post task execution logs
[2025-01-29T11:41:47.603+0000] {taskinstance.py:352} INFO - Marking task as SUCCESS. dag_id=main_dag, task_id=customer_Transform, run_id=manual__2025-01-29T11:41:02.227708+00:00, execution_date=20250129T114102, start_date=20250129T114145, end_date=20250129T114147
[2025-01-29T11:41:47.698+0000] {local_task_job_runner.py:266} INFO - Task exited with return code 0
[2025-01-29T11:41:47.747+0000] {taskinstance.py:3900} INFO - 0 downstream tasks scheduled from follow-on schedule check
[2025-01-29T11:41:47.751+0000] {local_task_job_runner.py:245} INFO - ::endgroup::
