[2025-01-29T11:55:16.833+0000] {local_task_job_runner.py:123} INFO - ::group::Pre task execution logs
[2025-01-29T11:55:16.953+0000] {taskinstance.py:2612} INFO - Dependencies all met for dep_context=non-requeueable deps ti=<TaskInstance: main_dag.customer_Load_redshift manual__2025-01-29T11:54:44.297483+00:00 [queued]>
[2025-01-29T11:55:16.986+0000] {taskinstance.py:2612} INFO - Dependencies all met for dep_context=requeueable deps ti=<TaskInstance: main_dag.customer_Load_redshift manual__2025-01-29T11:54:44.297483+00:00 [queued]>
[2025-01-29T11:55:16.987+0000] {taskinstance.py:2865} INFO - Starting attempt 1 of 3
[2025-01-29T11:55:17.070+0000] {taskinstance.py:2888} INFO - Executing <Task(PythonOperator): customer_Load_redshift> on 2025-01-29 11:54:44.297483+00:00
[2025-01-29T11:55:17.399+0000] {warnings.py:112} WARNING - /home/***/.local/lib/python3.12/site-packages/***/task/task_runner/standard_task_runner.py:70: DeprecationWarning: This process (pid=2392) is multi-threaded, use of fork() may lead to deadlocks in the child.
  pid = os.fork()

[2025-01-29T11:55:17.417+0000] {standard_task_runner.py:72} INFO - Started process 2412 to run task
[2025-01-29T11:55:17.417+0000] {standard_task_runner.py:104} INFO - Running: ['***', 'tasks', 'run', 'main_dag', 'customer_Load_redshift', 'manual__2025-01-29T11:54:44.297483+00:00', '--job-id', '52', '--raw', '--subdir', 'DAGS_FOLDER/main_dag.py', '--cfg-path', '/tmp/tmpwzndv69_']
[2025-01-29T11:55:17.455+0000] {standard_task_runner.py:105} INFO - Job 52: Subtask customer_Load_redshift
[2025-01-29T11:55:18.724+0000] {task_command.py:467} INFO - Running <TaskInstance: main_dag.customer_Load_redshift manual__2025-01-29T11:54:44.297483+00:00 [running]> on host ae52aba2dca2
[2025-01-29T11:55:19.504+0000] {taskinstance.py:3131} INFO - Exporting env vars: AIRFLOW_CTX_DAG_OWNER='itsMe!!' AIRFLOW_CTX_DAG_ID='main_dag' AIRFLOW_CTX_TASK_ID='customer_Load_redshift' AIRFLOW_CTX_EXECUTION_DATE='2025-01-29T11:54:44.297483+00:00' AIRFLOW_CTX_TRY_NUMBER='1' AIRFLOW_CTX_DAG_RUN_ID='manual__2025-01-29T11:54:44.297483+00:00'
[2025-01-29T11:55:19.520+0000] {taskinstance.py:731} INFO - ::endgroup::
[2025-01-29T11:55:28.743+0000] {job.py:229} INFO - Heartbeat recovered after 12.42 seconds
[2025-01-29T11:55:29.194+0000] {logging_mixin.py:190} INFO - Data loaded successfully into table!
[2025-01-29T11:55:29.196+0000] {python.py:240} INFO - Done. Returned value was: None
[2025-01-29T11:55:29.270+0000] {taskinstance.py:340} INFO - ::group::Post task execution logs
[2025-01-29T11:55:29.272+0000] {taskinstance.py:352} INFO - Marking task as SUCCESS. dag_id=main_dag, task_id=customer_Load_redshift, run_id=manual__2025-01-29T11:54:44.297483+00:00, execution_date=20250129T115444, start_date=20250129T115516, end_date=20250129T115529
[2025-01-29T11:55:29.396+0000] {local_task_job_runner.py:266} INFO - Task exited with return code 0
[2025-01-29T11:55:29.476+0000] {taskinstance.py:3900} INFO - 0 downstream tasks scheduled from follow-on schedule check
[2025-01-29T11:55:29.483+0000] {local_task_job_runner.py:245} INFO - ::endgroup::
