[2025-01-29T11:55:16.833+0000] {local_task_job_runner.py:123} INFO - ::group::Pre task execution logs
[2025-01-29T11:55:16.937+0000] {taskinstance.py:2612} INFO - Dependencies all met for dep_context=non-requeueable deps ti=<TaskInstance: main_dag.upload_s3 manual__2025-01-29T11:54:44.297483+00:00 [queued]>
[2025-01-29T11:55:16.989+0000] {taskinstance.py:2612} INFO - Dependencies all met for dep_context=requeueable deps ti=<TaskInstance: main_dag.upload_s3 manual__2025-01-29T11:54:44.297483+00:00 [queued]>
[2025-01-29T11:55:16.992+0000] {taskinstance.py:2865} INFO - Starting attempt 1 of 3
[2025-01-29T11:55:17.111+0000] {taskinstance.py:2888} INFO - Executing <Task(PythonOperator): upload_s3> on 2025-01-29 11:54:44.297483+00:00
[2025-01-29T11:55:17.397+0000] {warnings.py:112} WARNING - /home/***/.local/lib/python3.12/site-packages/***/task/task_runner/standard_task_runner.py:70: DeprecationWarning: This process (pid=2387) is multi-threaded, use of fork() may lead to deadlocks in the child.
  pid = os.fork()

[2025-01-29T11:55:17.405+0000] {standard_task_runner.py:72} INFO - Started process 2411 to run task
[2025-01-29T11:55:17.449+0000] {standard_task_runner.py:104} INFO - Running: ['***', 'tasks', 'run', 'main_dag', 'upload_s3', 'manual__2025-01-29T11:54:44.297483+00:00', '--job-id', '53', '--raw', '--subdir', 'DAGS_FOLDER/main_dag.py', '--cfg-path', '/tmp/tmpq1klz0mm']
[2025-01-29T11:55:17.505+0000] {standard_task_runner.py:105} INFO - Job 53: Subtask upload_s3
[2025-01-29T11:55:18.902+0000] {task_command.py:467} INFO - Running <TaskInstance: main_dag.upload_s3 manual__2025-01-29T11:54:44.297483+00:00 [running]> on host ae52aba2dca2
[2025-01-29T11:55:19.598+0000] {taskinstance.py:3131} INFO - Exporting env vars: AIRFLOW_CTX_DAG_OWNER='itsMe!!' AIRFLOW_CTX_DAG_ID='main_dag' AIRFLOW_CTX_TASK_ID='upload_s3' AIRFLOW_CTX_EXECUTION_DATE='2025-01-29T11:54:44.297483+00:00' AIRFLOW_CTX_TRY_NUMBER='1' AIRFLOW_CTX_DAG_RUN_ID='manual__2025-01-29T11:54:44.297483+00:00'
[2025-01-29T11:55:19.630+0000] {taskinstance.py:731} INFO - ::endgroup::
[2025-01-29T11:55:28.674+0000] {job.py:229} INFO - Heartbeat recovered after 12.31 seconds
[2025-01-29T11:55:30.209+0000] {logging_mixin.py:190} INFO - !_S3_upload_complete_onlineII.csv!
[2025-01-29T11:55:30.214+0000] {python.py:240} INFO - Done. Returned value was: None
[2025-01-29T11:55:30.255+0000] {taskinstance.py:340} INFO - ::group::Post task execution logs
[2025-01-29T11:55:30.258+0000] {taskinstance.py:352} INFO - Marking task as SUCCESS. dag_id=main_dag, task_id=upload_s3, run_id=manual__2025-01-29T11:54:44.297483+00:00, execution_date=20250129T115444, start_date=20250129T115516, end_date=20250129T115530
[2025-01-29T11:55:30.352+0000] {local_task_job_runner.py:266} INFO - Task exited with return code 0
[2025-01-29T11:55:30.412+0000] {taskinstance.py:3900} INFO - 0 downstream tasks scheduled from follow-on schedule check
[2025-01-29T11:55:30.416+0000] {local_task_job_runner.py:245} INFO - ::endgroup::
