[2025-01-29T10:27:36.359+0000] {local_task_job_runner.py:123} INFO - ::group::Pre task execution logs
[2025-01-29T10:27:36.420+0000] {taskinstance.py:2612} INFO - Dependencies all met for dep_context=non-requeueable deps ti=<TaskInstance: main_dag.upload_s3 manual__2025-01-29T10:27:17.533699+00:00 [queued]>
[2025-01-29T10:27:36.434+0000] {taskinstance.py:2612} INFO - Dependencies all met for dep_context=requeueable deps ti=<TaskInstance: main_dag.upload_s3 manual__2025-01-29T10:27:17.533699+00:00 [queued]>
[2025-01-29T10:27:36.435+0000] {taskinstance.py:2865} INFO - Starting attempt 1 of 3
[2025-01-29T10:27:36.883+0000] {taskinstance.py:2888} INFO - Executing <Task(PythonOperator): upload_s3> on 2025-01-29 10:27:17.533699+00:00
[2025-01-29T10:27:36.942+0000] {warnings.py:112} WARNING - /home/***/.local/lib/python3.12/site-packages/***/task/task_runner/standard_task_runner.py:70: DeprecationWarning: This process (pid=1089) is multi-threaded, use of fork() may lead to deadlocks in the child.
  pid = os.fork()

[2025-01-29T10:27:36.935+0000] {standard_task_runner.py:104} INFO - Running: ['***', 'tasks', 'run', 'main_dag', 'upload_s3', 'manual__2025-01-29T10:27:17.533699+00:00', '--job-id', '16', '--raw', '--subdir', 'DAGS_FOLDER/main_dag.py', '--cfg-path', '/tmp/tmp3o18krjy']
[2025-01-29T10:27:36.953+0000] {standard_task_runner.py:72} INFO - Started process 1100 to run task
[2025-01-29T10:27:36.953+0000] {standard_task_runner.py:105} INFO - Job 16: Subtask upload_s3
[2025-01-29T10:27:37.215+0000] {task_command.py:467} INFO - Running <TaskInstance: main_dag.upload_s3 manual__2025-01-29T10:27:17.533699+00:00 [running]> on host ae52aba2dca2
[2025-01-29T10:27:37.538+0000] {taskinstance.py:3131} INFO - Exporting env vars: AIRFLOW_CTX_DAG_OWNER='itsMe!!' AIRFLOW_CTX_DAG_ID='main_dag' AIRFLOW_CTX_TASK_ID='upload_s3' AIRFLOW_CTX_EXECUTION_DATE='2025-01-29T10:27:17.533699+00:00' AIRFLOW_CTX_TRY_NUMBER='1' AIRFLOW_CTX_DAG_RUN_ID='manual__2025-01-29T10:27:17.533699+00:00'
[2025-01-29T10:27:37.543+0000] {taskinstance.py:731} INFO - ::endgroup::
[2025-01-29T10:27:41.023+0000] {logging_mixin.py:190} INFO - !_S3_upload_complete_onlineII.csv!
[2025-01-29T10:27:41.028+0000] {python.py:240} INFO - Done. Returned value was: None
[2025-01-29T10:27:41.055+0000] {taskinstance.py:340} INFO - ::group::Post task execution logs
[2025-01-29T10:27:41.057+0000] {taskinstance.py:352} INFO - Marking task as SUCCESS. dag_id=main_dag, task_id=upload_s3, run_id=manual__2025-01-29T10:27:17.533699+00:00, execution_date=20250129T102717, start_date=20250129T102736, end_date=20250129T102741
[2025-01-29T10:27:41.121+0000] {local_task_job_runner.py:266} INFO - Task exited with return code 0
[2025-01-29T10:27:41.170+0000] {taskinstance.py:3900} INFO - 0 downstream tasks scheduled from follow-on schedule check
[2025-01-29T10:27:41.174+0000] {local_task_job_runner.py:245} INFO - ::endgroup::
