[2025-01-29T12:19:37.612+0000] {local_task_job_runner.py:123} INFO - ::group::Pre task execution logs
[2025-01-29T12:19:37.769+0000] {taskinstance.py:2612} INFO - Dependencies all met for dep_context=non-requeueable deps ti=<TaskInstance: main_dag.time_Transform manual__2025-01-29T12:17:52.370778+00:00 [queued]>
[2025-01-29T12:19:37.870+0000] {taskinstance.py:2612} INFO - Dependencies all met for dep_context=requeueable deps ti=<TaskInstance: main_dag.time_Transform manual__2025-01-29T12:17:52.370778+00:00 [queued]>
[2025-01-29T12:19:37.878+0000] {taskinstance.py:2865} INFO - Starting attempt 1 of 3
[2025-01-29T12:19:37.984+0000] {taskinstance.py:2888} INFO - Executing <Task(PythonOperator): time_Transform> on 2025-01-29 12:17:52.370778+00:00
[2025-01-29T12:19:38.032+0000] {warnings.py:112} WARNING - /home/***/.local/lib/python3.12/site-packages/***/task/task_runner/standard_task_runner.py:70: DeprecationWarning: This process (pid=2807) is multi-threaded, use of fork() may lead to deadlocks in the child.
  pid = os.fork()

[2025-01-29T12:19:38.046+0000] {standard_task_runner.py:72} INFO - Started process 2833 to run task
[2025-01-29T12:19:38.069+0000] {standard_task_runner.py:104} INFO - Running: ['***', 'tasks', 'run', 'main_dag', 'time_Transform', 'manual__2025-01-29T12:17:52.370778+00:00', '--job-id', '75', '--raw', '--subdir', 'DAGS_FOLDER/main_dag.py', '--cfg-path', '/tmp/tmpc31hmz1g']
[2025-01-29T12:19:38.083+0000] {standard_task_runner.py:105} INFO - Job 75: Subtask time_Transform
[2025-01-29T12:19:40.610+0000] {task_command.py:467} INFO - Running <TaskInstance: main_dag.time_Transform manual__2025-01-29T12:17:52.370778+00:00 [running]> on host ae52aba2dca2
[2025-01-29T12:19:41.308+0000] {taskinstance.py:3131} INFO - Exporting env vars: AIRFLOW_CTX_DAG_OWNER='itsMe!!' AIRFLOW_CTX_DAG_ID='main_dag' AIRFLOW_CTX_TASK_ID='time_Transform' AIRFLOW_CTX_EXECUTION_DATE='2025-01-29T12:17:52.370778+00:00' AIRFLOW_CTX_TRY_NUMBER='1' AIRFLOW_CTX_DAG_RUN_ID='manual__2025-01-29T12:17:52.370778+00:00'
[2025-01-29T12:19:41.319+0000] {taskinstance.py:731} INFO - ::endgroup::
[2025-01-29T12:19:44.960+0000] {logging_mixin.py:190} INFO - !_upload_to_S3_complete_!
[2025-01-29T12:19:44.966+0000] {python.py:240} INFO - Done. Returned value was: None
[2025-01-29T12:19:45.022+0000] {taskinstance.py:340} INFO - ::group::Post task execution logs
[2025-01-29T12:19:45.024+0000] {taskinstance.py:352} INFO - Marking task as SUCCESS. dag_id=main_dag, task_id=time_Transform, run_id=manual__2025-01-29T12:17:52.370778+00:00, execution_date=20250129T121752, start_date=20250129T121937, end_date=20250129T121945
[2025-01-29T12:19:45.142+0000] {local_task_job_runner.py:266} INFO - Task exited with return code 0
[2025-01-29T12:19:45.280+0000] {taskinstance.py:3900} INFO - 1 downstream tasks scheduled from follow-on schedule check
[2025-01-29T12:19:45.287+0000] {local_task_job_runner.py:245} INFO - ::endgroup::
