[2025-01-29T10:54:09.614+0000] {local_task_job_runner.py:123} INFO - ::group::Pre task execution logs
[2025-01-29T10:54:09.712+0000] {taskinstance.py:2612} INFO - Dependencies all met for dep_context=non-requeueable deps ti=<TaskInstance: main_dag.product_Transform manual__2025-01-29T10:53:39.199622+00:00 [queued]>
[2025-01-29T10:54:09.741+0000] {taskinstance.py:2612} INFO - Dependencies all met for dep_context=requeueable deps ti=<TaskInstance: main_dag.product_Transform manual__2025-01-29T10:53:39.199622+00:00 [queued]>
[2025-01-29T10:54:09.743+0000] {taskinstance.py:2865} INFO - Starting attempt 1 of 3
[2025-01-29T10:54:09.816+0000] {taskinstance.py:2888} INFO - Executing <Task(PythonOperator): product_Transform> on 2025-01-29 10:53:39.199622+00:00
[2025-01-29T10:54:10.015+0000] {warnings.py:112} WARNING - /home/***/.local/lib/python3.12/site-packages/***/task/task_runner/standard_task_runner.py:70: DeprecationWarning: This process (pid=1482) is multi-threaded, use of fork() may lead to deadlocks in the child.
  pid = os.fork()

[2025-01-29T10:54:10.026+0000] {standard_task_runner.py:72} INFO - Started process 1503 to run task
[2025-01-29T10:54:10.053+0000] {standard_task_runner.py:104} INFO - Running: ['***', 'tasks', 'run', 'main_dag', 'product_Transform', 'manual__2025-01-29T10:53:39.199622+00:00', '--job-id', '29', '--raw', '--subdir', 'DAGS_FOLDER/main_dag.py', '--cfg-path', '/tmp/tmp3s78ftxk']
[2025-01-29T10:54:10.093+0000] {standard_task_runner.py:105} INFO - Job 29: Subtask product_Transform
[2025-01-29T10:54:10.761+0000] {task_command.py:467} INFO - Running <TaskInstance: main_dag.product_Transform manual__2025-01-29T10:53:39.199622+00:00 [running]> on host ae52aba2dca2
[2025-01-29T10:54:12.157+0000] {taskinstance.py:3131} INFO - Exporting env vars: AIRFLOW_CTX_DAG_OWNER='itsMe!!' AIRFLOW_CTX_DAG_ID='main_dag' AIRFLOW_CTX_TASK_ID='product_Transform' AIRFLOW_CTX_EXECUTION_DATE='2025-01-29T10:53:39.199622+00:00' AIRFLOW_CTX_TRY_NUMBER='1' AIRFLOW_CTX_DAG_RUN_ID='manual__2025-01-29T10:53:39.199622+00:00'
[2025-01-29T10:54:12.161+0000] {taskinstance.py:731} INFO - ::endgroup::
[2025-01-29T10:54:17.614+0000] {logging_mixin.py:190} INFO - <class 'pandas.core.frame.DataFrame'>
Index: 1367 entries, 0 to 2579
Data columns (total 4 columns):
 #   Column        Non-Null Count  Dtype 
---  ------        --------------  ----- 
 0   Product ID    1367 non-null   object
 1   Category      1367 non-null   object
 2   Sub-Category  1367 non-null   object
 3   Product Name  1367 non-null   object
dtypes: object(4)
memory usage: 53.4+ KB
[2025-01-29T10:54:17.628+0000] {logging_mixin.py:190} INFO - None
[2025-01-29T10:54:18.666+0000] {logging_mixin.py:190} INFO - !_upload_to_S3_complete_!
[2025-01-29T10:54:18.679+0000] {python.py:240} INFO - Done. Returned value was: None
[2025-01-29T10:54:18.749+0000] {taskinstance.py:340} INFO - ::group::Post task execution logs
[2025-01-29T10:54:18.755+0000] {taskinstance.py:352} INFO - Marking task as SUCCESS. dag_id=main_dag, task_id=product_Transform, run_id=manual__2025-01-29T10:53:39.199622+00:00, execution_date=20250129T105339, start_date=20250129T105409, end_date=20250129T105418
[2025-01-29T10:54:18.958+0000] {local_task_job_runner.py:266} INFO - Task exited with return code 0
[2025-01-29T10:54:19.309+0000] {taskinstance.py:3900} INFO - 0 downstream tasks scheduled from follow-on schedule check
[2025-01-29T10:54:19.328+0000] {local_task_job_runner.py:245} INFO - ::endgroup::
