[2025-01-29T16:22:55.586+0000] {local_task_job_runner.py:123} INFO - ::group::Pre task execution logs
[2025-01-29T16:22:55.661+0000] {taskinstance.py:2612} INFO - Dependencies all met for dep_context=non-requeueable deps ti=<TaskInstance: main_dag.order_Transform manual__2025-01-29T16:22:08.198012+00:00 [queued]>
[2025-01-29T16:22:55.686+0000] {taskinstance.py:2612} INFO - Dependencies all met for dep_context=requeueable deps ti=<TaskInstance: main_dag.order_Transform manual__2025-01-29T16:22:08.198012+00:00 [queued]>
[2025-01-29T16:22:55.687+0000] {taskinstance.py:2865} INFO - Starting attempt 1 of 3
[2025-01-29T16:22:55.736+0000] {taskinstance.py:2888} INFO - Executing <Task(PythonOperator): order_Transform> on 2025-01-29 16:22:08.198012+00:00
[2025-01-29T16:22:55.785+0000] {warnings.py:112} WARNING - /home/***/.local/lib/python3.12/site-packages/***/task/task_runner/standard_task_runner.py:70: DeprecationWarning: This process (pid=2073) is multi-threaded, use of fork() may lead to deadlocks in the child.
  pid = os.fork()

[2025-01-29T16:22:55.789+0000] {standard_task_runner.py:72} INFO - Started process 2098 to run task
[2025-01-29T16:22:55.796+0000] {standard_task_runner.py:104} INFO - Running: ['***', 'tasks', 'run', 'main_dag', 'order_Transform', 'manual__2025-01-29T16:22:08.198012+00:00', '--job-id', '95', '--raw', '--subdir', 'DAGS_FOLDER/main_dag.py', '--cfg-path', '/tmp/tmpan6bojky']
[2025-01-29T16:22:55.809+0000] {standard_task_runner.py:105} INFO - Job 95: Subtask order_Transform
[2025-01-29T16:22:56.003+0000] {task_command.py:467} INFO - Running <TaskInstance: main_dag.order_Transform manual__2025-01-29T16:22:08.198012+00:00 [running]> on host ae52aba2dca2
[2025-01-29T16:22:56.241+0000] {taskinstance.py:3131} INFO - Exporting env vars: AIRFLOW_CTX_DAG_OWNER='itsMe!!' AIRFLOW_CTX_DAG_ID='main_dag' AIRFLOW_CTX_TASK_ID='order_Transform' AIRFLOW_CTX_EXECUTION_DATE='2025-01-29T16:22:08.198012+00:00' AIRFLOW_CTX_TRY_NUMBER='1' AIRFLOW_CTX_DAG_RUN_ID='manual__2025-01-29T16:22:08.198012+00:00'
[2025-01-29T16:22:56.244+0000] {taskinstance.py:731} INFO - ::endgroup::
[2025-01-29T16:22:57.758+0000] {logging_mixin.py:190} INFO - !_upload_to_S3_complete_!
[2025-01-29T16:22:57.762+0000] {python.py:240} INFO - Done. Returned value was: None
[2025-01-29T16:22:57.787+0000] {taskinstance.py:340} INFO - ::group::Post task execution logs
[2025-01-29T16:22:57.788+0000] {taskinstance.py:352} INFO - Marking task as SUCCESS. dag_id=main_dag, task_id=order_Transform, run_id=manual__2025-01-29T16:22:08.198012+00:00, execution_date=20250129T162208, start_date=20250129T162255, end_date=20250129T162257
[2025-01-29T16:22:57.860+0000] {local_task_job_runner.py:266} INFO - Task exited with return code 0
[2025-01-29T16:22:57.915+0000] {taskinstance.py:3900} INFO - 1 downstream tasks scheduled from follow-on schedule check
[2025-01-29T16:22:57.919+0000] {local_task_job_runner.py:245} INFO - ::endgroup::
