[2025-01-29T10:54:15.819+0000] {local_task_job_runner.py:123} INFO - ::group::Pre task execution logs
[2025-01-29T10:54:15.856+0000] {taskinstance.py:2612} INFO - Dependencies all met for dep_context=non-requeueable deps ti=<TaskInstance: main_dag.location_Load_redshift manual__2025-01-29T10:53:39.199622+00:00 [queued]>
[2025-01-29T10:54:15.877+0000] {taskinstance.py:2612} INFO - Dependencies all met for dep_context=requeueable deps ti=<TaskInstance: main_dag.location_Load_redshift manual__2025-01-29T10:53:39.199622+00:00 [queued]>
[2025-01-29T10:54:15.879+0000] {taskinstance.py:2865} INFO - Starting attempt 1 of 3
[2025-01-29T10:54:15.913+0000] {taskinstance.py:2888} INFO - Executing <Task(PythonOperator): location_Load_redshift> on 2025-01-29 10:53:39.199622+00:00
[2025-01-29T10:54:16.004+0000] {warnings.py:112} WARNING - /home/***/.local/lib/python3.12/site-packages/***/task/task_runner/standard_task_runner.py:70: DeprecationWarning: This process (pid=1485) is multi-threaded, use of fork() may lead to deadlocks in the child.
  pid = os.fork()

[2025-01-29T10:54:16.024+0000] {standard_task_runner.py:72} INFO - Started process 1511 to run task
[2025-01-29T10:54:16.045+0000] {standard_task_runner.py:104} INFO - Running: ['***', 'tasks', 'run', 'main_dag', 'location_Load_redshift', 'manual__2025-01-29T10:53:39.199622+00:00', '--job-id', '31', '--raw', '--subdir', 'DAGS_FOLDER/main_dag.py', '--cfg-path', '/tmp/tmpap9ka3ie']
[2025-01-29T10:54:16.081+0000] {standard_task_runner.py:105} INFO - Job 31: Subtask location_Load_redshift
[2025-01-29T10:54:16.441+0000] {task_command.py:467} INFO - Running <TaskInstance: main_dag.location_Load_redshift manual__2025-01-29T10:53:39.199622+00:00 [running]> on host ae52aba2dca2
[2025-01-29T10:54:16.905+0000] {taskinstance.py:3131} INFO - Exporting env vars: AIRFLOW_CTX_DAG_OWNER='itsMe!!' AIRFLOW_CTX_DAG_ID='main_dag' AIRFLOW_CTX_TASK_ID='location_Load_redshift' AIRFLOW_CTX_EXECUTION_DATE='2025-01-29T10:53:39.199622+00:00' AIRFLOW_CTX_TRY_NUMBER='1' AIRFLOW_CTX_DAG_RUN_ID='manual__2025-01-29T10:53:39.199622+00:00'
[2025-01-29T10:54:16.908+0000] {taskinstance.py:731} INFO - ::endgroup::
[2025-01-29T10:54:20.010+0000] {logging_mixin.py:190} INFO - Data loaded successfully into table!
[2025-01-29T10:54:20.012+0000] {python.py:240} INFO - Done. Returned value was: None
[2025-01-29T10:54:20.033+0000] {taskinstance.py:340} INFO - ::group::Post task execution logs
[2025-01-29T10:54:20.034+0000] {taskinstance.py:352} INFO - Marking task as SUCCESS. dag_id=main_dag, task_id=location_Load_redshift, run_id=manual__2025-01-29T10:53:39.199622+00:00, execution_date=20250129T105339, start_date=20250129T105415, end_date=20250129T105420
[2025-01-29T10:54:20.097+0000] {local_task_job_runner.py:266} INFO - Task exited with return code 0
[2025-01-29T10:54:20.137+0000] {taskinstance.py:3900} INFO - 0 downstream tasks scheduled from follow-on schedule check
[2025-01-29T10:54:20.141+0000] {local_task_job_runner.py:245} INFO - ::endgroup::
