[2025-01-29T11:41:45.204+0000] {local_task_job_runner.py:123} INFO - ::group::Pre task execution logs
[2025-01-29T11:41:45.268+0000] {taskinstance.py:2612} INFO - Dependencies all met for dep_context=non-requeueable deps ti=<TaskInstance: main_dag.product_Transform manual__2025-01-29T11:41:02.227708+00:00 [queued]>
[2025-01-29T11:41:45.294+0000] {taskinstance.py:2612} INFO - Dependencies all met for dep_context=requeueable deps ti=<TaskInstance: main_dag.product_Transform manual__2025-01-29T11:41:02.227708+00:00 [queued]>
[2025-01-29T11:41:45.296+0000] {taskinstance.py:2865} INFO - Starting attempt 1 of 3
[2025-01-29T11:41:45.403+0000] {taskinstance.py:2888} INFO - Executing <Task(PythonOperator): product_Transform> on 2025-01-29 11:41:02.227708+00:00
[2025-01-29T11:41:45.680+0000] {warnings.py:112} WARNING - /home/***/.local/lib/python3.12/site-packages/***/task/task_runner/standard_task_runner.py:70: DeprecationWarning: This process (pid=2171) is multi-threaded, use of fork() may lead to deadlocks in the child.
  pid = os.fork()

[2025-01-29T11:41:45.687+0000] {standard_task_runner.py:72} INFO - Started process 2205 to run task
[2025-01-29T11:41:45.691+0000] {standard_task_runner.py:104} INFO - Running: ['***', 'tasks', 'run', 'main_dag', 'product_Transform', 'manual__2025-01-29T11:41:02.227708+00:00', '--job-id', '46', '--raw', '--subdir', 'DAGS_FOLDER/main_dag.py', '--cfg-path', '/tmp/tmperfmde7g']
[2025-01-29T11:41:45.698+0000] {standard_task_runner.py:105} INFO - Job 46: Subtask product_Transform
[2025-01-29T11:41:46.006+0000] {task_command.py:467} INFO - Running <TaskInstance: main_dag.product_Transform manual__2025-01-29T11:41:02.227708+00:00 [running]> on host ae52aba2dca2
[2025-01-29T11:41:46.309+0000] {taskinstance.py:3131} INFO - Exporting env vars: AIRFLOW_CTX_DAG_OWNER='itsMe!!' AIRFLOW_CTX_DAG_ID='main_dag' AIRFLOW_CTX_TASK_ID='product_Transform' AIRFLOW_CTX_EXECUTION_DATE='2025-01-29T11:41:02.227708+00:00' AIRFLOW_CTX_TRY_NUMBER='1' AIRFLOW_CTX_DAG_RUN_ID='manual__2025-01-29T11:41:02.227708+00:00'
[2025-01-29T11:41:46.312+0000] {taskinstance.py:731} INFO - ::endgroup::
[2025-01-29T11:41:46.910+0000] {logging_mixin.py:190} INFO - <class 'pandas.core.frame.DataFrame'>
Index: 1367 entries, 0 to 2579
Data columns (total 4 columns):
 #   Column        Non-Null Count  Dtype 
---  ------        --------------  ----- 
 0   Product ID    1367 non-null   object
 1   Category      1367 non-null   object
 2   Sub-Category  1367 non-null   object
 3   Product Name  1367 non-null   object
dtypes: object(4)
memory usage: 53.4+ KB
[2025-01-29T11:41:46.911+0000] {logging_mixin.py:190} INFO - None
[2025-01-29T11:41:47.715+0000] {logging_mixin.py:190} INFO - !_upload_to_S3_complete_!
[2025-01-29T11:41:47.721+0000] {python.py:240} INFO - Done. Returned value was: None
[2025-01-29T11:41:47.756+0000] {taskinstance.py:340} INFO - ::group::Post task execution logs
[2025-01-29T11:41:47.758+0000] {taskinstance.py:352} INFO - Marking task as SUCCESS. dag_id=main_dag, task_id=product_Transform, run_id=manual__2025-01-29T11:41:02.227708+00:00, execution_date=20250129T114102, start_date=20250129T114145, end_date=20250129T114147
[2025-01-29T11:41:47.848+0000] {local_task_job_runner.py:266} INFO - Task exited with return code 0
[2025-01-29T11:41:47.895+0000] {taskinstance.py:3900} INFO - 0 downstream tasks scheduled from follow-on schedule check
[2025-01-29T11:41:47.899+0000] {local_task_job_runner.py:245} INFO - ::endgroup::
