[2025-01-29T12:19:37.608+0000] {local_task_job_runner.py:123} INFO - ::group::Pre task execution logs
[2025-01-29T12:19:37.735+0000] {taskinstance.py:2612} INFO - Dependencies all met for dep_context=non-requeueable deps ti=<TaskInstance: main_dag.time_Transform manual__2025-01-29T12:17:16.105169+00:00 [queued]>
[2025-01-29T12:19:37.793+0000] {taskinstance.py:2612} INFO - Dependencies all met for dep_context=requeueable deps ti=<TaskInstance: main_dag.time_Transform manual__2025-01-29T12:17:16.105169+00:00 [queued]>
[2025-01-29T12:19:37.794+0000] {taskinstance.py:2865} INFO - Starting attempt 1 of 3
[2025-01-29T12:19:37.961+0000] {taskinstance.py:2888} INFO - Executing <Task(PythonOperator): time_Transform> on 2025-01-29 12:17:16.105169+00:00
[2025-01-29T12:19:38.028+0000] {warnings.py:112} WARNING - /home/***/.local/lib/python3.12/site-packages/***/task/task_runner/standard_task_runner.py:70: DeprecationWarning: This process (pid=2808) is multi-threaded, use of fork() may lead to deadlocks in the child.
  pid = os.fork()

[2025-01-29T12:19:38.045+0000] {standard_task_runner.py:72} INFO - Started process 2832 to run task
[2025-01-29T12:19:38.070+0000] {standard_task_runner.py:104} INFO - Running: ['***', 'tasks', 'run', 'main_dag', 'time_Transform', 'manual__2025-01-29T12:17:16.105169+00:00', '--job-id', '74', '--raw', '--subdir', 'DAGS_FOLDER/main_dag.py', '--cfg-path', '/tmp/tmp6b579rct']
[2025-01-29T12:19:38.079+0000] {standard_task_runner.py:105} INFO - Job 74: Subtask time_Transform
[2025-01-29T12:19:40.360+0000] {task_command.py:467} INFO - Running <TaskInstance: main_dag.time_Transform manual__2025-01-29T12:17:16.105169+00:00 [running]> on host ae52aba2dca2
[2025-01-29T12:19:41.168+0000] {taskinstance.py:3131} INFO - Exporting env vars: AIRFLOW_CTX_DAG_OWNER='itsMe!!' AIRFLOW_CTX_DAG_ID='main_dag' AIRFLOW_CTX_TASK_ID='time_Transform' AIRFLOW_CTX_EXECUTION_DATE='2025-01-29T12:17:16.105169+00:00' AIRFLOW_CTX_TRY_NUMBER='1' AIRFLOW_CTX_DAG_RUN_ID='manual__2025-01-29T12:17:16.105169+00:00'
[2025-01-29T12:19:41.188+0000] {taskinstance.py:731} INFO - ::endgroup::
[2025-01-29T12:19:44.891+0000] {logging_mixin.py:190} INFO - !_upload_to_S3_complete_!
[2025-01-29T12:19:44.897+0000] {python.py:240} INFO - Done. Returned value was: None
[2025-01-29T12:19:44.937+0000] {taskinstance.py:340} INFO - ::group::Post task execution logs
[2025-01-29T12:19:44.939+0000] {taskinstance.py:352} INFO - Marking task as SUCCESS. dag_id=main_dag, task_id=time_Transform, run_id=manual__2025-01-29T12:17:16.105169+00:00, execution_date=20250129T121716, start_date=20250129T121937, end_date=20250129T121944
[2025-01-29T12:19:45.071+0000] {local_task_job_runner.py:266} INFO - Task exited with return code 0
[2025-01-29T12:19:45.187+0000] {taskinstance.py:3900} INFO - 1 downstream tasks scheduled from follow-on schedule check
[2025-01-29T12:19:45.193+0000] {local_task_job_runner.py:245} INFO - ::endgroup::
