[2025-01-29T10:29:19.538+0000] {local_task_job_runner.py:123} INFO - ::group::Pre task execution logs
[2025-01-29T10:29:19.574+0000] {taskinstance.py:2612} INFO - Dependencies all met for dep_context=non-requeueable deps ti=<TaskInstance: main_dag.upload_s3 manual__2025-01-29T10:29:02.083013+00:00 [queued]>
[2025-01-29T10:29:19.591+0000] {taskinstance.py:2612} INFO - Dependencies all met for dep_context=requeueable deps ti=<TaskInstance: main_dag.upload_s3 manual__2025-01-29T10:29:02.083013+00:00 [queued]>
[2025-01-29T10:29:19.592+0000] {taskinstance.py:2865} INFO - Starting attempt 1 of 3
[2025-01-29T10:29:19.644+0000] {taskinstance.py:2888} INFO - Executing <Task(PythonOperator): upload_s3> on 2025-01-29 10:29:02.083013+00:00
[2025-01-29T10:29:19.763+0000] {warnings.py:112} WARNING - /home/***/.local/lib/python3.12/site-packages/***/task/task_runner/standard_task_runner.py:70: DeprecationWarning: This process (pid=1139) is multi-threaded, use of fork() may lead to deadlocks in the child.
  pid = os.fork()

[2025-01-29T10:29:19.769+0000] {standard_task_runner.py:72} INFO - Started process 1147 to run task
[2025-01-29T10:29:19.774+0000] {standard_task_runner.py:104} INFO - Running: ['***', 'tasks', 'run', 'main_dag', 'upload_s3', 'manual__2025-01-29T10:29:02.083013+00:00', '--job-id', '20', '--raw', '--subdir', 'DAGS_FOLDER/main_dag.py', '--cfg-path', '/tmp/tmp3xy134kw']
[2025-01-29T10:29:19.784+0000] {standard_task_runner.py:105} INFO - Job 20: Subtask upload_s3
[2025-01-29T10:29:19.914+0000] {task_command.py:467} INFO - Running <TaskInstance: main_dag.upload_s3 manual__2025-01-29T10:29:02.083013+00:00 [running]> on host ae52aba2dca2
[2025-01-29T10:29:20.247+0000] {taskinstance.py:3131} INFO - Exporting env vars: AIRFLOW_CTX_DAG_OWNER='itsMe!!' AIRFLOW_CTX_DAG_ID='main_dag' AIRFLOW_CTX_TASK_ID='upload_s3' AIRFLOW_CTX_EXECUTION_DATE='2025-01-29T10:29:02.083013+00:00' AIRFLOW_CTX_TRY_NUMBER='1' AIRFLOW_CTX_DAG_RUN_ID='manual__2025-01-29T10:29:02.083013+00:00'
[2025-01-29T10:29:20.250+0000] {taskinstance.py:731} INFO - ::endgroup::
[2025-01-29T10:29:23.728+0000] {logging_mixin.py:190} INFO - !_S3_upload_complete_onlineII.csv!
[2025-01-29T10:29:23.731+0000] {python.py:240} INFO - Done. Returned value was: None
[2025-01-29T10:29:23.747+0000] {taskinstance.py:340} INFO - ::group::Post task execution logs
[2025-01-29T10:29:23.748+0000] {taskinstance.py:352} INFO - Marking task as SUCCESS. dag_id=main_dag, task_id=upload_s3, run_id=manual__2025-01-29T10:29:02.083013+00:00, execution_date=20250129T102902, start_date=20250129T102919, end_date=20250129T102923
[2025-01-29T10:29:23.788+0000] {local_task_job_runner.py:266} INFO - Task exited with return code 0
[2025-01-29T10:29:23.812+0000] {taskinstance.py:3900} INFO - 0 downstream tasks scheduled from follow-on schedule check
[2025-01-29T10:29:23.816+0000] {local_task_job_runner.py:245} INFO - ::endgroup::
