[2025-01-29T12:17:51.226+0000] {local_task_job_runner.py:123} INFO - ::group::Pre task execution logs
[2025-01-29T12:17:51.289+0000] {taskinstance.py:2612} INFO - Dependencies all met for dep_context=non-requeueable deps ti=<TaskInstance: main_dag.order_Transform manual__2025-01-29T12:17:16.105169+00:00 [queued]>
[2025-01-29T12:17:51.334+0000] {taskinstance.py:2612} INFO - Dependencies all met for dep_context=requeueable deps ti=<TaskInstance: main_dag.order_Transform manual__2025-01-29T12:17:16.105169+00:00 [queued]>
[2025-01-29T12:17:51.336+0000] {taskinstance.py:2865} INFO - Starting attempt 1 of 3
[2025-01-29T12:17:51.619+0000] {taskinstance.py:2888} INFO - Executing <Task(PythonOperator): order_Transform> on 2025-01-29 12:17:16.105169+00:00
[2025-01-29T12:17:51.916+0000] {warnings.py:112} WARNING - /home/***/.local/lib/python3.12/site-packages/***/task/task_runner/standard_task_runner.py:70: DeprecationWarning: This process (pid=2732) is multi-threaded, use of fork() may lead to deadlocks in the child.
  pid = os.fork()

[2025-01-29T12:17:51.948+0000] {standard_task_runner.py:72} INFO - Started process 2753 to run task
[2025-01-29T12:17:52.054+0000] {standard_task_runner.py:104} INFO - Running: ['***', 'tasks', 'run', 'main_dag', 'order_Transform', 'manual__2025-01-29T12:17:16.105169+00:00', '--job-id', '63', '--raw', '--subdir', 'DAGS_FOLDER/main_dag.py', '--cfg-path', '/tmp/tmpvkjnyjy6']
[2025-01-29T12:17:52.102+0000] {standard_task_runner.py:105} INFO - Job 63: Subtask order_Transform
[2025-01-29T12:17:52.919+0000] {task_command.py:467} INFO - Running <TaskInstance: main_dag.order_Transform manual__2025-01-29T12:17:16.105169+00:00 [running]> on host ae52aba2dca2
[2025-01-29T12:17:53.989+0000] {taskinstance.py:3131} INFO - Exporting env vars: AIRFLOW_CTX_DAG_OWNER='itsMe!!' AIRFLOW_CTX_DAG_ID='main_dag' AIRFLOW_CTX_TASK_ID='order_Transform' AIRFLOW_CTX_EXECUTION_DATE='2025-01-29T12:17:16.105169+00:00' AIRFLOW_CTX_TRY_NUMBER='1' AIRFLOW_CTX_DAG_RUN_ID='manual__2025-01-29T12:17:16.105169+00:00'
[2025-01-29T12:17:54.000+0000] {taskinstance.py:731} INFO - ::endgroup::
[2025-01-29T12:18:18.062+0000] {job.py:229} INFO - Heartbeat recovered after 27.41 seconds
[2025-01-29T12:18:19.833+0000] {logging_mixin.py:190} INFO - !_upload_to_S3_complete_!
[2025-01-29T12:18:20.054+0000] {python.py:240} INFO - Done. Returned value was: None
[2025-01-29T12:18:21.367+0000] {taskinstance.py:340} INFO - ::group::Post task execution logs
[2025-01-29T12:18:21.381+0000] {taskinstance.py:352} INFO - Marking task as SUCCESS. dag_id=main_dag, task_id=order_Transform, run_id=manual__2025-01-29T12:17:16.105169+00:00, execution_date=20250129T121716, start_date=20250129T121751, end_date=20250129T121821
[2025-01-29T12:18:22.439+0000] {local_task_job_runner.py:266} INFO - Task exited with return code 0
[2025-01-29T12:18:23.621+0000] {taskinstance.py:3900} INFO - 0 downstream tasks scheduled from follow-on schedule check
[2025-01-29T12:18:23.668+0000] {local_task_job_runner.py:245} INFO - ::endgroup::
